<?xml version="1.0" encoding="UTF-8"?>
<!-- Generated by org.testng.reporters.JUnitReportReporter -->
<testsuite hostname="ankur-lp" name="Progs.buffer" tests="1" failures="0" timestamp="18 May 2015 16:09:03 GMT" time="109.115" errors="0">
  <testcase name="findlinks" time="109.115" classname="Progs.buffer"/>
</testsuite> <!-- Progs.buffer -->
