<?xml version="1.0" encoding="UTF-8"?>
<!-- Generated by org.testng.reporters.JUnitReportReporter -->
<testsuite hostname="ankur-lp" name="Progs.buffer" tests="1" failures="0" timestamp="16 Mar 2015 09:27:04 GMT" time="14.978" errors="0">
  <testcase name="foo" time="14.978" classname="Progs.buffer"/>
</testsuite> <!-- Progs.buffer -->
