<?xml version="1.0" encoding="UTF-8"?>
<!-- Generated by org.testng.reporters.JUnitReportReporter -->
<testsuite hostname="ankur-lp" name="Progs.Performance" tests="1" failures="0" timestamp="18 May 2015 10:02:14 GMT" time="207.307" errors="0">
  <testcase name="checkPerformance" time="207.307" classname="Progs.Performance"/>
</testsuite> <!-- Progs.Performance -->
