<?xml version="1.0" encoding="UTF-8"?>
<!-- Generated by org.testng.reporters.JUnitReportReporter -->
<testsuite hostname="ankur-lp" name="Progs.Performance" tests="1" failures="0" timestamp="16 Mar 2015 10:28:56 GMT" time="41.265" errors="0">
  <testcase name="afterResult" time="41.265" classname="Progs.Performance"/>
</testsuite> <!-- Progs.Performance -->
