<?xml version="1.0" encoding="UTF-8"?>
<!-- Generated by org.testng.reporters.JUnitReportReporter -->
<testsuite hostname="ankur-lp" name="Progs.Performance" tests="1" failures="0" timestamp="12 Mar 2015 20:59:51 GMT" time="64.260" errors="0">
  <testcase name="checkPerformance" time="64.260" classname="Progs.Performance"/>
</testsuite> <!-- Progs.Performance -->
