<?xml version="1.0" encoding="UTF-8"?>
<!-- Generated by org.testng.reporters.JUnitReportReporter -->
<testsuite hostname="ankur-lp" name="Progs.buffer" tests="1" failures="0" timestamp="12 Mar 2015 20:57:48 GMT" time="0.014" errors="0">
  <testcase name="foo" time="0.014" classname="Progs.buffer"/>
</testsuite> <!-- Progs.buffer -->
