<?xml version="1.0" encoding="UTF-8"?>
<!-- Generated by org.testng.reporters.JUnitReportReporter -->
<testsuite hostname="ankur-lp" name="Progs.links" tests="1" failures="0" timestamp="18 May 2015 17:33:26 GMT" time="126.798" errors="0">
  <testcase name="getLinksStatus" time="126.798" classname="Progs.links"/>
</testsuite> <!-- Progs.links -->
